<?xml version="1.0" encoding="UTF-8"?>
<!-- Generated by org.testng.reporters.JUnitReportReporter -->
<testsuite hostname="Gyaneshs-MacBook-Pro.local" failures="0" tests="4" name="com.test.WorkspaceTest" time="8.183" errors="0" timestamp="2025-07-17T15:18:50 IST" skipped="0">
  <testcase classname="com.test.WorkspaceTest" name="testCreateWorkSpace" time="3.638"/>
  <system-out/>
  <testcase classname="com.test.WorkspaceTest" name="testGetAllWorkspace" time="2.401"/>
  <system-out/>
  <testcase classname="com.test.WorkspaceTest" name="testGetSingleWorkspace" time="0.803"/>
  <system-out/>
  <testcase classname="com.test.WorkspaceTest" name="testDeleteWorkspace" time="1.341"/>
  <system-out/>
</testsuite> <!-- com.test.WorkspaceTest -->
