<?xml version="1.0" encoding="UTF-8"?>
<!-- Generated by org.testng.reporters.JUnitReportReporter -->
<testsuite hostname="Gyaneshs-MacBook-Pro.local" failures="0" tests="4" name="com.test.WorkspaceTest" time="5.400" errors="0" timestamp="2025-07-18T13:09:42 IST" skipped="0">
  <testcase classname="com.test.WorkspaceTest" name="testCreateWorkSpace" time="2.884"/>
  <system-out/>
  <testcase classname="com.test.WorkspaceTest" name="testGetAllWorkspace" time="0.686"/>
  <system-out/>
  <testcase classname="com.test.WorkspaceTest" name="testGetSingleWorkspace" time="1.118"/>
  <system-out/>
  <testcase classname="com.test.WorkspaceTest" name="testDeleteWorkspace" time="0.712"/>
  <system-out/>
</testsuite> <!-- com.test.WorkspaceTest -->
