<?xml version="1.0" encoding="UTF-8"?>
<!-- Generated by org.testng.reporters.JUnitReportReporter -->
<testsuite hostname="Gyaneshs-MacBook-Pro.local" failures="0" tests="4" name="com.test.WorkspaceTest" time="5.619" errors="0" timestamp="2025-07-17T15:20:57 IST" skipped="0">
  <testcase classname="com.test.WorkspaceTest" name="testCreateWorkSpace" time="2.577"/>
  <system-out/>
  <testcase classname="com.test.WorkspaceTest" name="testGetAllWorkspace" time="1.001"/>
  <system-out/>
  <testcase classname="com.test.WorkspaceTest" name="testGetSingleWorkspace" time="1.125"/>
  <system-out/>
  <testcase classname="com.test.WorkspaceTest" name="testDeleteWorkspace" time="0.916"/>
  <system-out/>
</testsuite> <!-- com.test.WorkspaceTest -->
