<?xml version="1.0" encoding="UTF-8"?>
<!-- Generated by org.testng.reporters.JUnitReportReporter -->
<testsuite hostname="Gyaneshs-MacBook-Pro.local" failures="0" tests="4" name="com.test.WorkspaceTest" time="5.325" errors="0" timestamp="2025-07-17T17:25:25 IST" skipped="0">
  <testcase classname="com.test.WorkspaceTest" name="testCreateWorkSpace" time="2.572"/>
  <system-out/>
  <testcase classname="com.test.WorkspaceTest" name="testGetAllWorkspace" time="1.067"/>
  <system-out/>
  <testcase classname="com.test.WorkspaceTest" name="testGetSingleWorkspace" time="0.608"/>
  <system-out/>
  <testcase classname="com.test.WorkspaceTest" name="testDeleteWorkspace" time="1.078"/>
  <system-out/>
</testsuite> <!-- com.test.WorkspaceTest -->
