<?xml version="1.0" encoding="UTF-8"?>
<!-- Generated by org.testng.reporters.JUnitReportReporter -->
<testsuite hostname="Gyaneshs-MacBook-Pro.local" failures="0" tests="4" name="com.test.WorkspaceTest" time="6.573" errors="0" timestamp="2025-07-17T18:56:32 IST" skipped="0">
  <testcase classname="com.test.WorkspaceTest" name="testCreateWorkSpace" time="2.920"/>
  <system-out/>
  <testcase classname="com.test.WorkspaceTest" name="testGetAllWorkspace" time="0.983"/>
  <system-out/>
  <testcase classname="com.test.WorkspaceTest" name="testGetSingleWorkspace" time="1.844"/>
  <system-out/>
  <testcase classname="com.test.WorkspaceTest" name="testDeleteWorkspace" time="0.826"/>
  <system-out/>
</testsuite> <!-- com.test.WorkspaceTest -->
